[0.372s] Invoking command in '/home/asaace00/repo/winter/project/TAMIR/tamir': PYTHONPATH=/home/asaace00/repo/winter/project/TAMIR/tamir/build/tamir/prefix_override:/usr/lib/python3/dist-packages/colcon_core/task/python/colcon_distutils_commands:/home/asaace00/repo/winter/project/TAMIR/tamir/install/tamir/lib/python3.12/site-packages:${PYTHONPATH} VIRTUAL_ENV_PROMPT=(myenv) /usr/bin/python3 -W ignore:setup.py install is deprecated -W ignore:easy_install command is deprecated setup.py egg_info --egg-base build/tamir build --build-base /home/asaace00/repo/winter/project/TAMIR/tamir/build/tamir/build install --record /home/asaace00/repo/winter/project/TAMIR/tamir/build/tamir/install.log --single-version-externally-managed install_data
[0.490s] running egg_info
[0.490s] creating build/tamir/tamir.egg-info
[0.498s] writing build/tamir/tamir.egg-info/PKG-INFO
[0.498s] writing dependency_links to build/tamir/tamir.egg-info/dependency_links.txt
[0.498s] writing entry points to build/tamir/tamir.egg-info/entry_points.txt
[0.498s] writing requirements to build/tamir/tamir.egg-info/requires.txt
[0.498s] writing top-level names to build/tamir/tamir.egg-info/top_level.txt
[0.498s] writing manifest file 'build/tamir/tamir.egg-info/SOURCES.txt'
[0.514s] reading manifest file 'build/tamir/tamir.egg-info/SOURCES.txt'
[0.515s] writing manifest file 'build/tamir/tamir.egg-info/SOURCES.txt'
[0.515s] running build
[0.515s] running build_py
[0.515s] creating /home/asaace00/repo/winter/project/TAMIR/tamir/build/tamir/build
[0.515s] creating /home/asaace00/repo/winter/project/TAMIR/tamir/build/tamir/build/lib
[0.515s] creating /home/asaace00/repo/winter/project/TAMIR/tamir/build/tamir/build/lib/tamir
[0.515s] copying tamir/playmusic.py -> /home/asaace00/repo/winter/project/TAMIR/tamir/build/tamir/build/lib/tamir
[0.515s] copying tamir/tamir_interface.py -> /home/asaace00/repo/winter/project/TAMIR/tamir/build/tamir/build/lib/tamir
[0.515s] copying tamir/Bluetooth_Node.py -> /home/asaace00/repo/winter/project/TAMIR/tamir/build/tamir/build/lib/tamir
[0.515s] copying tamir/__init__.py -> /home/asaace00/repo/winter/project/TAMIR/tamir/build/tamir/build/lib/tamir
[0.515s] running install
[0.518s] running install_lib
[0.527s] creating /home/asaace00/repo/winter/project/TAMIR/tamir/install/tamir/lib/python3.12/site-packages/tamir
[0.527s] copying /home/asaace00/repo/winter/project/TAMIR/tamir/build/tamir/build/lib/tamir/playmusic.py -> /home/asaace00/repo/winter/project/TAMIR/tamir/install/tamir/lib/python3.12/site-packages/tamir
[0.527s] copying /home/asaace00/repo/winter/project/TAMIR/tamir/build/tamir/build/lib/tamir/tamir_interface.py -> /home/asaace00/repo/winter/project/TAMIR/tamir/install/tamir/lib/python3.12/site-packages/tamir
[0.527s] copying /home/asaace00/repo/winter/project/TAMIR/tamir/build/tamir/build/lib/tamir/Bluetooth_Node.py -> /home/asaace00/repo/winter/project/TAMIR/tamir/install/tamir/lib/python3.12/site-packages/tamir
[0.527s] copying /home/asaace00/repo/winter/project/TAMIR/tamir/build/tamir/build/lib/tamir/__init__.py -> /home/asaace00/repo/winter/project/TAMIR/tamir/install/tamir/lib/python3.12/site-packages/tamir
[0.527s] byte-compiling /home/asaace00/repo/winter/project/TAMIR/tamir/install/tamir/lib/python3.12/site-packages/tamir/playmusic.py to playmusic.cpython-312.pyc
[0.527s] byte-compiling /home/asaace00/repo/winter/project/TAMIR/tamir/install/tamir/lib/python3.12/site-packages/tamir/tamir_interface.py to tamir_interface.cpython-312.pyc
[0.528s] byte-compiling /home/asaace00/repo/winter/project/TAMIR/tamir/install/tamir/lib/python3.12/site-packages/tamir/Bluetooth_Node.py to Bluetooth_Node.cpython-312.pyc
[0.528s] byte-compiling /home/asaace00/repo/winter/project/TAMIR/tamir/install/tamir/lib/python3.12/site-packages/tamir/__init__.py to __init__.cpython-312.pyc
[0.528s] running install_data
[0.528s] creating /home/asaace00/repo/winter/project/TAMIR/tamir/install/tamir/share/ament_index
[0.528s] creating /home/asaace00/repo/winter/project/TAMIR/tamir/install/tamir/share/ament_index/resource_index
[0.528s] creating /home/asaace00/repo/winter/project/TAMIR/tamir/install/tamir/share/ament_index/resource_index/packages
[0.528s] copying resource/tamir -> /home/asaace00/repo/winter/project/TAMIR/tamir/install/tamir/share/ament_index/resource_index/packages
[0.528s] copying package.xml -> /home/asaace00/repo/winter/project/TAMIR/tamir/install/tamir/share/tamir
[0.528s] copying launch/startup.launch.py -> /home/asaace00/repo/winter/project/TAMIR/tamir/install/tamir/share/tamir
[0.528s] copying launch/playmusic.launch.py -> /home/asaace00/repo/winter/project/TAMIR/tamir/install/tamir/share/tamir
[0.528s] copying sound/535_Silent.mp3 -> /home/asaace00/repo/winter/project/TAMIR/tamir/install/tamir/share/tamir
[0.528s] copying sound/anti_dog.mp3 -> /home/asaace00/repo/winter/project/TAMIR/tamir/install/tamir/share/tamir
[0.528s] copying sound/experiment.mp3 -> /home/asaace00/repo/winter/project/TAMIR/tamir/install/tamir/share/tamir
[0.529s] copying sound/high_pitch.mp3 -> /home/asaace00/repo/winter/project/TAMIR/tamir/install/tamir/share/tamir
[0.529s] running install_egg_info
[0.537s] Copying build/tamir/tamir.egg-info to /home/asaace00/repo/winter/project/TAMIR/tamir/install/tamir/lib/python3.12/site-packages/tamir-0.0.0-py3.12.egg-info
[0.538s] running install_scripts
[0.595s] Installing music_node script to /home/asaace00/repo/winter/project/TAMIR/tamir/install/tamir/lib/tamir
[0.595s] Installing tamir_interface script to /home/asaace00/repo/winter/project/TAMIR/tamir/install/tamir/lib/tamir
[0.595s] writing list of installed files to '/home/asaace00/repo/winter/project/TAMIR/tamir/build/tamir/install.log'
[0.607s] Invoked command in '/home/asaace00/repo/winter/project/TAMIR/tamir' returned '0': PYTHONPATH=/home/asaace00/repo/winter/project/TAMIR/tamir/build/tamir/prefix_override:/usr/lib/python3/dist-packages/colcon_core/task/python/colcon_distutils_commands:/home/asaace00/repo/winter/project/TAMIR/tamir/install/tamir/lib/python3.12/site-packages:${PYTHONPATH} VIRTUAL_ENV_PROMPT=(myenv) /usr/bin/python3 -W ignore:setup.py install is deprecated -W ignore:easy_install command is deprecated setup.py egg_info --egg-base build/tamir build --build-base /home/asaace00/repo/winter/project/TAMIR/tamir/build/tamir/build install --record /home/asaace00/repo/winter/project/TAMIR/tamir/build/tamir/install.log --single-version-externally-managed install_data
