running egg_info
creating ../build/tamir/tamir.egg-info
writing ../build/tamir/tamir.egg-info/PKG-INFO
writing dependency_links to ../build/tamir/tamir.egg-info/dependency_links.txt
writing entry points to ../build/tamir/tamir.egg-info/entry_points.txt
writing requirements to ../build/tamir/tamir.egg-info/requires.txt
writing top-level names to ../build/tamir/tamir.egg-info/top_level.txt
writing manifest file '../build/tamir/tamir.egg-info/SOURCES.txt'
reading manifest file '../build/tamir/tamir.egg-info/SOURCES.txt'
writing manifest file '../build/tamir/tamir.egg-info/SOURCES.txt'
running build
running build_py
creating /home/asaace00/repo/winter/project/build/tamir/build
creating /home/asaace00/repo/winter/project/build/tamir/build/lib
creating /home/asaace00/repo/winter/project/build/tamir/build/lib/tamir
copying tamir/bluetooth.py -> /home/asaace00/repo/winter/project/build/tamir/build/lib/tamir
copying tamir/playmusic.py -> /home/asaace00/repo/winter/project/build/tamir/build/lib/tamir
copying tamir/__init__.py -> /home/asaace00/repo/winter/project/build/tamir/build/lib/tamir
running install
running install_lib
creating /home/asaace00/repo/winter/project/install/tamir/lib/python3.12/site-packages/tamir
copying /home/asaace00/repo/winter/project/build/tamir/build/lib/tamir/bluetooth.py -> /home/asaace00/repo/winter/project/install/tamir/lib/python3.12/site-packages/tamir
copying /home/asaace00/repo/winter/project/build/tamir/build/lib/tamir/playmusic.py -> /home/asaace00/repo/winter/project/install/tamir/lib/python3.12/site-packages/tamir
copying /home/asaace00/repo/winter/project/build/tamir/build/lib/tamir/__init__.py -> /home/asaace00/repo/winter/project/install/tamir/lib/python3.12/site-packages/tamir
byte-compiling /home/asaace00/repo/winter/project/install/tamir/lib/python3.12/site-packages/tamir/bluetooth.py to bluetooth.cpython-312.pyc
byte-compiling /home/asaace00/repo/winter/project/install/tamir/lib/python3.12/site-packages/tamir/playmusic.py to playmusic.cpython-312.pyc
byte-compiling /home/asaace00/repo/winter/project/install/tamir/lib/python3.12/site-packages/tamir/__init__.py to __init__.cpython-312.pyc
running install_data
creating /home/asaace00/repo/winter/project/install/tamir/share/ament_index
creating /home/asaace00/repo/winter/project/install/tamir/share/ament_index/resource_index
creating /home/asaace00/repo/winter/project/install/tamir/share/ament_index/resource_index/packages
copying resource/tamir -> /home/asaace00/repo/winter/project/install/tamir/share/ament_index/resource_index/packages
copying package.xml -> /home/asaace00/repo/winter/project/install/tamir/share/tamir
copying launch/startup.launch.py -> /home/asaace00/repo/winter/project/install/tamir/share/tamir
running install_egg_info
Copying ../build/tamir/tamir.egg-info to /home/asaace00/repo/winter/project/install/tamir/lib/python3.12/site-packages/tamir-0.0.0-py3.12.egg-info
running install_scripts
Installing bluetooth_node script to /home/asaace00/repo/winter/project/install/tamir/lib/tamir
Installing playmusic_node script to /home/asaace00/repo/winter/project/install/tamir/lib/tamir
writing list of installed files to '/home/asaace00/repo/winter/project/build/tamir/install.log'
