[0.782s] Invoking command in '/home/asaace00/repo/winter/project/tamir': PYTHONPATH=/home/asaace00/repo/winter/project/build/tamir/prefix_override:/usr/lib/python3/dist-packages/colcon_core/task/python/colcon_distutils_commands:/home/asaace00/repo/winter/project/install/tamir/lib/python3.12/site-packages:${PYTHONPATH} VIRTUAL_ENV_PROMPT=(myenv) /usr/bin/python3 -W ignore:setup.py install is deprecated -W ignore:easy_install command is deprecated setup.py egg_info --egg-base ../build/tamir build --build-base /home/asaace00/repo/winter/project/build/tamir/build install --record /home/asaace00/repo/winter/project/build/tamir/install.log --single-version-externally-managed install_data
[0.953s] running egg_info
[0.953s] creating ../build/tamir/tamir.egg-info
[0.966s] writing ../build/tamir/tamir.egg-info/PKG-INFO
[0.966s] writing dependency_links to ../build/tamir/tamir.egg-info/dependency_links.txt
[0.966s] writing entry points to ../build/tamir/tamir.egg-info/entry_points.txt
[0.966s] writing requirements to ../build/tamir/tamir.egg-info/requires.txt
[0.966s] writing top-level names to ../build/tamir/tamir.egg-info/top_level.txt
[0.966s] writing manifest file '../build/tamir/tamir.egg-info/SOURCES.txt'
[0.992s] reading manifest file '../build/tamir/tamir.egg-info/SOURCES.txt'
[0.992s] writing manifest file '../build/tamir/tamir.egg-info/SOURCES.txt'
[0.992s] running build
[0.992s] running build_py
[0.992s] creating /home/asaace00/repo/winter/project/build/tamir/build
[0.993s] creating /home/asaace00/repo/winter/project/build/tamir/build/lib
[0.993s] creating /home/asaace00/repo/winter/project/build/tamir/build/lib/tamir
[0.993s] copying tamir/bluetooth.py -> /home/asaace00/repo/winter/project/build/tamir/build/lib/tamir
[0.993s] copying tamir/playmusic.py -> /home/asaace00/repo/winter/project/build/tamir/build/lib/tamir
[0.993s] copying tamir/__init__.py -> /home/asaace00/repo/winter/project/build/tamir/build/lib/tamir
[0.993s] running install
[0.996s] running install_lib
[1.009s] creating /home/asaace00/repo/winter/project/install/tamir/lib/python3.12/site-packages/tamir
[1.009s] copying /home/asaace00/repo/winter/project/build/tamir/build/lib/tamir/bluetooth.py -> /home/asaace00/repo/winter/project/install/tamir/lib/python3.12/site-packages/tamir
[1.010s] copying /home/asaace00/repo/winter/project/build/tamir/build/lib/tamir/playmusic.py -> /home/asaace00/repo/winter/project/install/tamir/lib/python3.12/site-packages/tamir
[1.010s] copying /home/asaace00/repo/winter/project/build/tamir/build/lib/tamir/__init__.py -> /home/asaace00/repo/winter/project/install/tamir/lib/python3.12/site-packages/tamir
[1.010s] byte-compiling /home/asaace00/repo/winter/project/install/tamir/lib/python3.12/site-packages/tamir/bluetooth.py to bluetooth.cpython-312.pyc
[1.010s] byte-compiling /home/asaace00/repo/winter/project/install/tamir/lib/python3.12/site-packages/tamir/playmusic.py to playmusic.cpython-312.pyc
[1.010s] byte-compiling /home/asaace00/repo/winter/project/install/tamir/lib/python3.12/site-packages/tamir/__init__.py to __init__.cpython-312.pyc
[1.011s] running install_data
[1.011s] creating /home/asaace00/repo/winter/project/install/tamir/share/ament_index
[1.011s] creating /home/asaace00/repo/winter/project/install/tamir/share/ament_index/resource_index
[1.011s] creating /home/asaace00/repo/winter/project/install/tamir/share/ament_index/resource_index/packages
[1.011s] copying resource/tamir -> /home/asaace00/repo/winter/project/install/tamir/share/ament_index/resource_index/packages
[1.011s] copying package.xml -> /home/asaace00/repo/winter/project/install/tamir/share/tamir
[1.011s] copying launch/startup.launch.py -> /home/asaace00/repo/winter/project/install/tamir/share/tamir
[1.011s] running install_egg_info
[1.025s] Copying ../build/tamir/tamir.egg-info to /home/asaace00/repo/winter/project/install/tamir/lib/python3.12/site-packages/tamir-0.0.0-py3.12.egg-info
[1.025s] running install_scripts
[1.110s] Installing bluetooth_node script to /home/asaace00/repo/winter/project/install/tamir/lib/tamir
[1.111s] Installing playmusic_node script to /home/asaace00/repo/winter/project/install/tamir/lib/tamir
[1.111s] writing list of installed files to '/home/asaace00/repo/winter/project/build/tamir/install.log'
[1.125s] Invoked command in '/home/asaace00/repo/winter/project/tamir' returned '0': PYTHONPATH=/home/asaace00/repo/winter/project/build/tamir/prefix_override:/usr/lib/python3/dist-packages/colcon_core/task/python/colcon_distutils_commands:/home/asaace00/repo/winter/project/install/tamir/lib/python3.12/site-packages:${PYTHONPATH} VIRTUAL_ENV_PROMPT=(myenv) /usr/bin/python3 -W ignore:setup.py install is deprecated -W ignore:easy_install command is deprecated setup.py egg_info --egg-base ../build/tamir build --build-base /home/asaace00/repo/winter/project/build/tamir/build install --record /home/asaace00/repo/winter/project/build/tamir/install.log --single-version-externally-managed install_data
