[0.139s] Invoking command in '/home/asaace00/repo/winter/project/TAMIR/build/tamir_interface': CMAKE_PREFIX_PATH=${CMAKE_PREFIX_PATH}:/home/asaace00/repo/winter/project/TAMIR/install/tamir:/home/asaace00/repo/winter/project/install/tamir:/opt/ros/jazzy VIRTUAL_ENV_PROMPT=(myenv) /usr/bin/cmake /home/asaace00/repo/winter/project/TAMIR/tamir_interface -DCMAKE_INSTALL_PREFIX=/home/asaace00/repo/winter/project/TAMIR/install/tamir_interface
[0.176s] -- The C compiler identification is GNU 13.2.0
[0.214s] -- The CXX compiler identification is GNU 13.2.0
[0.227s] -- Detecting C compiler ABI info
[0.298s] -- Detecting C compiler ABI info - done
[0.303s] -- Check for working C compiler: /usr/bin/cc - skipped
[0.303s] -- Detecting C compile features
[0.303s] -- Detecting C compile features - done
[0.312s] -- Detecting CXX compiler ABI info
[0.398s] -- Detecting CXX compiler ABI info - done
[0.405s] -- Check for working CXX compiler: /usr/bin/c++ - skipped
[0.405s] -- Detecting CXX compile features
[0.405s] -- Detecting CXX compile features - done
[0.410s] -- Found ament_cmake: 2.5.3 (/opt/ros/jazzy/share/ament_cmake/cmake)
[0.504s] -- Found Python3: /home/asaace00/repo/winter/project/TAMIR/tamir/myenv/bin/python3 (found version "3.12.3") found components: Interpreter 
[0.587s] -- Found rosidl_default_generators: 1.6.0 (/opt/ros/jazzy/share/rosidl_default_generators/cmake)
[0.593s] -- Using all available rosidl_typesupport_c: rosidl_typesupport_fastrtps_c;rosidl_typesupport_introspection_c
[0.635s] -- Using all available rosidl_typesupport_cpp: rosidl_typesupport_fastrtps_cpp;rosidl_typesupport_introspection_cpp
[0.665s] -- Found rosidl_adapter: 4.6.5 (/opt/ros/jazzy/share/rosidl_adapter/cmake)
[0.668s] -- Found geometry_msgs: 5.3.5 (/opt/ros/jazzy/share/geometry_msgs/cmake)
[1.111s] -- Found ament_cmake_ros: 0.12.0 (/opt/ros/jazzy/share/ament_cmake_ros/cmake)
[1.445s] -- Using all available rosidl_typesupport_c: rosidl_typesupport_fastrtps_c;rosidl_typesupport_introspection_c
[1.802s] -- Using all available rosidl_typesupport_cpp: rosidl_typesupport_fastrtps_cpp;rosidl_typesupport_introspection_cpp
[1.804s] -- Found python_cmake_module: 0.11.1 (/opt/ros/jazzy/share/python_cmake_module/cmake)
[1.870s] -- Found PythonExtra: /home/asaace00/repo/winter/project/TAMIR/tamir/myenv/bin/python3  
[2.217s] -- Found Python3: /home/asaace00/repo/winter/project/TAMIR/tamir/myenv/bin/python3 (found version "3.12.3") found components: Interpreter Development NumPy Development.Module Development.Embed 
[2.256s] -- Found ament_lint_auto: 0.17.1 (/opt/ros/jazzy/share/ament_lint_auto/cmake)
[2.272s] -- Added test 'lint_cmake' to check CMake code style
[2.272s] -- Added test 'xmllint' to check XML markup files
[2.274s] -- Configuring done (2.1s)
[2.294s] -- Generating done (0.0s)
[2.300s] -- Build files have been written to: /home/asaace00/repo/winter/project/TAMIR/build/tamir_interface
[2.308s] Invoked command in '/home/asaace00/repo/winter/project/TAMIR/build/tamir_interface' returned '0': CMAKE_PREFIX_PATH=${CMAKE_PREFIX_PATH}:/home/asaace00/repo/winter/project/TAMIR/install/tamir:/home/asaace00/repo/winter/project/install/tamir:/opt/ros/jazzy VIRTUAL_ENV_PROMPT=(myenv) /usr/bin/cmake /home/asaace00/repo/winter/project/TAMIR/tamir_interface -DCMAKE_INSTALL_PREFIX=/home/asaace00/repo/winter/project/TAMIR/install/tamir_interface
[2.308s] Invoking command in '/home/asaace00/repo/winter/project/TAMIR/build/tamir_interface': CMAKE_PREFIX_PATH=${CMAKE_PREFIX_PATH}:/home/asaace00/repo/winter/project/TAMIR/install/tamir:/home/asaace00/repo/winter/project/install/tamir:/opt/ros/jazzy VIRTUAL_ENV_PROMPT=(myenv) /usr/bin/cmake --build /home/asaace00/repo/winter/project/TAMIR/build/tamir_interface -- -j32 -l32
[2.374s] [  1%] [34m[1mGenerating type hashes for ROS interfaces[0m
[2.388s] [  1%] Built target ament_cmake_python_copy_tamir_interface
[2.501s] [  1%] Built target tamir_interface__rosidl_generator_type_description
[2.501s] running egg_info
[2.509s] creating tamir_interface.egg-info
[2.509s] writing tamir_interface.egg-info/PKG-INFO
[2.509s] writing dependency_links to tamir_interface.egg-info/dependency_links.txt
[2.509s] writing top-level names to tamir_interface.egg-info/top_level.txt
[2.509s] [  3%] [34m[1mGenerating C code for ROS interfaces[0m
[2.509s] writing manifest file 'tamir_interface.egg-info/SOURCES.txt'
[2.516s] [  5%] [34m[1mGenerating C++ code for ROS interfaces[0m
[2.532s] reading manifest file 'tamir_interface.egg-info/SOURCES.txt'
[2.532s] writing manifest file 'tamir_interface.egg-info/SOURCES.txt'
[2.550s] [  5%] Built target ament_cmake_python_build_tamir_interface_egg
[2.722s] [  5%] Built target tamir_interface__cpp
[2.754s] [  9%] [32mBuilding C object CMakeFiles/tamir_interface__rosidl_generator_c.dir/rosidl_generator_c/tamir_interface/srv/detail/waypoints__type_support.c.o[0m
[2.754s] [  9%] [32mBuilding C object CMakeFiles/tamir_interface__rosidl_generator_c.dir/rosidl_generator_c/tamir_interface/msg/detail/behaviors__description.c.o[0m
[2.754s] [ 11%] [32mBuilding C object CMakeFiles/tamir_interface__rosidl_generator_c.dir/rosidl_generator_c/tamir_interface/msg/detail/behavior_list__description.c.o[0m
[2.754s] [ 12%] [32mBuilding C object CMakeFiles/tamir_interface__rosidl_generator_c.dir/rosidl_generator_c/tamir_interface/msg/detail/behaviors__functions.c.o[0m
[2.755s] [ 14%] [32mBuilding C object CMakeFiles/tamir_interface__rosidl_generator_c.dir/rosidl_generator_c/tamir_interface/srv/detail/waypoints__description.c.o[0m
[2.755s] [ 16%] [32mBuilding C object CMakeFiles/tamir_interface__rosidl_generator_c.dir/rosidl_generator_c/tamir_interface/srv/detail/waypoints__functions.c.o[0m
[2.755s] [ 18%] [32mBuilding C object CMakeFiles/tamir_interface__rosidl_generator_c.dir/rosidl_generator_c/tamir_interface/msg/detail/behavior_list__functions.c.o[0m
[2.755s] [ 20%] [32mBuilding C object CMakeFiles/tamir_interface__rosidl_generator_c.dir/rosidl_generator_c/tamir_interface/msg/detail/behavior_list__type_support.c.o[0m
[2.756s] [ 22%] [32mBuilding C object CMakeFiles/tamir_interface__rosidl_generator_c.dir/rosidl_generator_c/tamir_interface/msg/detail/behaviors__type_support.c.o[0m
[2.803s] [ 24%] [32m[1mLinking C shared library libtamir_interface__rosidl_generator_c.so[0m
[2.841s] [ 24%] Built target tamir_interface__rosidl_generator_c
[2.857s] [ 27%] [34m[1mGenerating C type support dispatch for ROS interfaces[0m
[2.857s] [ 27%] [34m[1mGenerating C++ introspection for ROS interfaces[0m
[2.857s] [ 31%] [34m[1mGenerating C introspection for ROS interfaces[0m
[2.858s] [ 31%] [34m[1mGenerating C++ type support dispatch for ROS interfaces[0m
[2.858s] [ 33%] [34m[1mGenerating C type support for eProsima Fast-RTPS[0m
[2.858s] [ 35%] [34m[1mGenerating C++ type support for eProsima Fast-RTPS[0m
[3.033s] [ 37%] [32mBuilding CXX object CMakeFiles/tamir_interface__rosidl_typesupport_c.dir/rosidl_typesupport_c/tamir_interface/srv/waypoints__type_support.cpp.o[0m
[3.034s] [ 38%] [32mBuilding CXX object CMakeFiles/tamir_interface__rosidl_typesupport_c.dir/rosidl_typesupport_c/tamir_interface/msg/behaviors__type_support.cpp.o[0m
[3.034s] [ 40%] [32mBuilding CXX object CMakeFiles/tamir_interface__rosidl_typesupport_c.dir/rosidl_typesupport_c/tamir_interface/msg/behavior_list__type_support.cpp.o[0m
[3.035s] [ 42%] [32mBuilding CXX object CMakeFiles/tamir_interface__rosidl_typesupport_cpp.dir/rosidl_typesupport_cpp/tamir_interface/srv/waypoints__type_support.cpp.o[0m
[3.036s] [ 44%] [32mBuilding CXX object CMakeFiles/tamir_interface__rosidl_typesupport_cpp.dir/rosidl_typesupport_cpp/tamir_interface/msg/behaviors__type_support.cpp.o[0m
[3.036s] [ 46%] [32mBuilding CXX object CMakeFiles/tamir_interface__rosidl_typesupport_cpp.dir/rosidl_typesupport_cpp/tamir_interface/msg/behavior_list__type_support.cpp.o[0m
[3.060s] [ 51%] [32mBuilding CXX object CMakeFiles/tamir_interface__rosidl_typesupport_introspection_cpp.dir/rosidl_typesupport_introspection_cpp/tamir_interface/msg/detail/behavior_list__type_support.cpp.o[0m
[3.060s] [ 51%] [32mBuilding CXX object CMakeFiles/tamir_interface__rosidl_typesupport_introspection_cpp.dir/rosidl_typesupport_introspection_cpp/tamir_interface/srv/detail/waypoints__type_support.cpp.o[0m
[3.060s] [ 51%] [32mBuilding CXX object CMakeFiles/tamir_interface__rosidl_typesupport_introspection_cpp.dir/rosidl_typesupport_introspection_cpp/tamir_interface/msg/detail/behaviors__type_support.cpp.o[0m
[3.064s] [ 53%] [32mBuilding C object CMakeFiles/tamir_interface__rosidl_typesupport_introspection_c.dir/rosidl_typesupport_introspection_c/tamir_interface/msg/detail/behaviors__type_support.c.o[0m
[3.065s] [ 55%] [32mBuilding C object CMakeFiles/tamir_interface__rosidl_typesupport_introspection_c.dir/rosidl_typesupport_introspection_c/tamir_interface/msg/detail/behavior_list__type_support.c.o[0m
[3.066s] [ 57%] [32mBuilding C object CMakeFiles/tamir_interface__rosidl_typesupport_introspection_c.dir/rosidl_typesupport_introspection_c/tamir_interface/srv/detail/waypoints__type_support.c.o[0m
[3.080s] [ 59%] [32m[1mLinking CXX shared library libtamir_interface__rosidl_typesupport_c.so[0m
[3.108s] [ 61%] [32mBuilding CXX object CMakeFiles/tamir_interface__rosidl_typesupport_fastrtps_cpp.dir/rosidl_typesupport_fastrtps_cpp/tamir_interface/srv/detail/dds_fastrtps/waypoints__type_support.cpp.o[0m
[3.108s] [ 62%] [32m[1mLinking C shared library libtamir_interface__rosidl_typesupport_introspection_c.so[0m
[3.108s] [ 62%] Built target tamir_interface__rosidl_typesupport_c
[3.110s] [ 64%] [32mBuilding CXX object CMakeFiles/tamir_interface__rosidl_typesupport_fastrtps_cpp.dir/rosidl_typesupport_fastrtps_cpp/tamir_interface/msg/detail/dds_fastrtps/behaviors__type_support.cpp.o[0m
[3.110s] [ 66%] [32mBuilding CXX object CMakeFiles/tamir_interface__rosidl_typesupport_fastrtps_cpp.dir/rosidl_typesupport_fastrtps_cpp/tamir_interface/msg/detail/dds_fastrtps/behavior_list__type_support.cpp.o[0m
[3.127s] [ 68%] [32mBuilding CXX object CMakeFiles/tamir_interface__rosidl_typesupport_fastrtps_c.dir/rosidl_typesupport_fastrtps_c/tamir_interface/srv/detail/waypoints__type_support_c.cpp.o[0m
[3.127s] [ 72%] [32mBuilding CXX object CMakeFiles/tamir_interface__rosidl_typesupport_fastrtps_c.dir/rosidl_typesupport_fastrtps_c/tamir_interface/msg/detail/behavior_list__type_support_c.cpp.o[0m
[3.128s] [ 72%] [32mBuilding CXX object CMakeFiles/tamir_interface__rosidl_typesupport_fastrtps_c.dir/rosidl_typesupport_fastrtps_c/tamir_interface/msg/detail/behaviors__type_support_c.cpp.o[0m
[3.140s] [ 72%] Built target tamir_interface__rosidl_typesupport_introspection_c
[3.296s] [ 74%] [32m[1mLinking CXX shared library libtamir_interface__rosidl_typesupport_cpp.so[0m
[3.360s] [ 74%] Built target tamir_interface__rosidl_typesupport_cpp
[3.458s] [ 75%] [32m[1mLinking CXX shared library libtamir_interface__rosidl_typesupport_fastrtps_c.so[0m
[3.458s] [ 77%] [32m[1mLinking CXX shared library libtamir_interface__rosidl_typesupport_introspection_cpp.so[0m
[3.501s] [ 77%] Built target tamir_interface__rosidl_typesupport_fastrtps_c
[3.502s] [ 77%] Built target tamir_interface__rosidl_typesupport_introspection_cpp
[3.508s] [ 79%] [32m[1mLinking CXX shared library libtamir_interface__rosidl_typesupport_fastrtps_cpp.so[0m
[3.569s] [ 79%] Built target tamir_interface__rosidl_typesupport_fastrtps_cpp
[3.586s] [ 79%] Built target tamir_interface
[3.618s] [ 81%] [34m[1mGenerating Python code for ROS interfaces[0m
[3.947s] [ 81%] Built target tamir_interface__py
[3.973s] [ 83%] [32mBuilding C object CMakeFiles/tamir_interface__rosidl_generator_py.dir/rosidl_generator_py/tamir_interface/srv/_waypoints_s.c.o[0m
[3.973s] [ 87%] [32mBuilding C object CMakeFiles/tamir_interface__rosidl_generator_py.dir/rosidl_generator_py/tamir_interface/msg/_behaviors_s.c.o[0m
[3.973s] [ 87%] [32mBuilding C object CMakeFiles/tamir_interface__rosidl_generator_py.dir/rosidl_generator_py/tamir_interface/msg/_behavior_list_s.c.o[0m
[4.059s] [ 88%] [32m[1mLinking C shared library libtamir_interface__rosidl_generator_py.so[0m
[4.092s] [ 88%] Built target tamir_interface__rosidl_generator_py
[4.111s] [ 92%] [32mBuilding C object CMakeFiles/tamir_interface_s__rosidl_typesupport_fastrtps_c.dir/rosidl_generator_py/tamir_interface/_tamir_interface_s.ep.rosidl_typesupport_fastrtps_c.c.o[0m
[4.112s] [ 92%] [32mBuilding C object CMakeFiles/tamir_interface_s__rosidl_typesupport_c.dir/rosidl_generator_py/tamir_interface/_tamir_interface_s.ep.rosidl_typesupport_c.c.o[0m
[4.112s] [ 94%] [32mBuilding C object CMakeFiles/tamir_interface_s__rosidl_typesupport_introspection_c.dir/rosidl_generator_py/tamir_interface/_tamir_interface_s.ep.rosidl_typesupport_introspection_c.c.o[0m
[4.174s] [ 96%] [32m[1mLinking C shared module rosidl_generator_py/tamir_interface/tamir_interface_s__rosidl_typesupport_c.so[0m
[4.176s] [100%] [32m[1mLinking C shared module rosidl_generator_py/tamir_interface/tamir_interface_s__rosidl_typesupport_fastrtps_c.so[0m
[4.176s] [100%] [32m[1mLinking C shared module rosidl_generator_py/tamir_interface/tamir_interface_s__rosidl_typesupport_introspection_c.so[0m
[4.194s] [100%] Built target tamir_interface_s__rosidl_typesupport_c
[4.195s] [100%] Built target tamir_interface_s__rosidl_typesupport_introspection_c
[4.196s] [100%] Built target tamir_interface_s__rosidl_typesupport_fastrtps_c
[4.205s] Invoked command in '/home/asaace00/repo/winter/project/TAMIR/build/tamir_interface' returned '0': CMAKE_PREFIX_PATH=${CMAKE_PREFIX_PATH}:/home/asaace00/repo/winter/project/TAMIR/install/tamir:/home/asaace00/repo/winter/project/install/tamir:/opt/ros/jazzy VIRTUAL_ENV_PROMPT=(myenv) /usr/bin/cmake --build /home/asaace00/repo/winter/project/TAMIR/build/tamir_interface -- -j32 -l32
[4.214s] Invoking command in '/home/asaace00/repo/winter/project/TAMIR/build/tamir_interface': CMAKE_PREFIX_PATH=${CMAKE_PREFIX_PATH}:/home/asaace00/repo/winter/project/TAMIR/install/tamir:/home/asaace00/repo/winter/project/install/tamir:/opt/ros/jazzy VIRTUAL_ENV_PROMPT=(myenv) /usr/bin/cmake --install /home/asaace00/repo/winter/project/TAMIR/build/tamir_interface
[4.220s] -- Install configuration: ""
[4.220s] -- Installing: /home/asaace00/repo/winter/project/TAMIR/install/tamir_interface/share/ament_index/resource_index/rosidl_interfaces/tamir_interface
[4.220s] -- Installing: /home/asaace00/repo/winter/project/TAMIR/install/tamir_interface/share/tamir_interface/srv/Waypoints.json
[4.220s] -- Installing: /home/asaace00/repo/winter/project/TAMIR/install/tamir_interface/share/tamir_interface/msg/Behaviors.json
[4.220s] -- Installing: /home/asaace00/repo/winter/project/TAMIR/install/tamir_interface/share/tamir_interface/msg/BehaviorList.json
[4.220s] -- Installing: /home/asaace00/repo/winter/project/TAMIR/install/tamir_interface/include/tamir_interface/tamir_interface
[4.220s] -- Installing: /home/asaace00/repo/winter/project/TAMIR/install/tamir_interface/include/tamir_interface/tamir_interface/srv
[4.220s] -- Installing: /home/asaace00/repo/winter/project/TAMIR/install/tamir_interface/include/tamir_interface/tamir_interface/srv/waypoints.h
[4.220s] -- Installing: /home/asaace00/repo/winter/project/TAMIR/install/tamir_interface/include/tamir_interface/tamir_interface/srv/detail
[4.220s] -- Installing: /home/asaace00/repo/winter/project/TAMIR/install/tamir_interface/include/tamir_interface/tamir_interface/srv/detail/waypoints__type_support.c
[4.220s] -- Installing: /home/asaace00/repo/winter/project/TAMIR/install/tamir_interface/include/tamir_interface/tamir_interface/srv/detail/waypoints__description.c
[4.220s] -- Installing: /home/asaace00/repo/winter/project/TAMIR/install/tamir_interface/include/tamir_interface/tamir_interface/srv/detail/waypoints__type_support.h
[4.221s] -- Installing: /home/asaace00/repo/winter/project/TAMIR/install/tamir_interface/include/tamir_interface/tamir_interface/srv/detail/waypoints__struct.h
[4.221s] -- Installing: /home/asaace00/repo/winter/project/TAMIR/install/tamir_interface/include/tamir_interface/tamir_interface/srv/detail/waypoints__functions.h
[4.221s] -- Installing: /home/asaace00/repo/winter/project/TAMIR/install/tamir_interface/include/tamir_interface/tamir_interface/srv/detail/waypoints__functions.c
[4.221s] -- Installing: /home/asaace00/repo/winter/project/TAMIR/install/tamir_interface/include/tamir_interface/tamir_interface/msg
[4.221s] -- Installing: /home/asaace00/repo/winter/project/TAMIR/install/tamir_interface/include/tamir_interface/tamir_interface/msg/behavior_list.h
[4.221s] -- Installing: /home/asaace00/repo/winter/project/TAMIR/install/tamir_interface/include/tamir_interface/tamir_interface/msg/behaviors.h
[4.221s] -- Installing: /home/asaace00/repo/winter/project/TAMIR/install/tamir_interface/include/tamir_interface/tamir_interface/msg/rosidl_generator_c__visibility_control.h
[4.221s] -- Installing: /home/asaace00/repo/winter/project/TAMIR/install/tamir_interface/include/tamir_interface/tamir_interface/msg/detail
[4.221s] -- Installing: /home/asaace00/repo/winter/project/TAMIR/install/tamir_interface/include/tamir_interface/tamir_interface/msg/detail/behavior_list__description.c
[4.221s] -- Installing: /home/asaace00/repo/winter/project/TAMIR/install/tamir_interface/include/tamir_interface/tamir_interface/msg/detail/behavior_list__type_support.h
[4.221s] -- Installing: /home/asaace00/repo/winter/project/TAMIR/install/tamir_interface/include/tamir_interface/tamir_interface/msg/detail/behaviors__functions.h
[4.221s] -- Installing: /home/asaace00/repo/winter/project/TAMIR/install/tamir_interface/include/tamir_interface/tamir_interface/msg/detail/behaviors__type_support.h
[4.221s] -- Installing: /home/asaace00/repo/winter/project/TAMIR/install/tamir_interface/include/tamir_interface/tamir_interface/msg/detail/behaviors__description.c
[4.221s] -- Installing: /home/asaace00/repo/winter/project/TAMIR/install/tamir_interface/include/tamir_interface/tamir_interface/msg/detail/behaviors__functions.c
[4.221s] -- Installing: /home/asaace00/repo/winter/project/TAMIR/install/tamir_interface/include/tamir_interface/tamir_interface/msg/detail/behavior_list__functions.h
[4.221s] -- Installing: /home/asaace00/repo/winter/project/TAMIR/install/tamir_interface/include/tamir_interface/tamir_interface/msg/detail/behaviors__type_support.c
[4.221s] -- Installing: /home/asaace00/repo/winter/project/TAMIR/install/tamir_interface/include/tamir_interface/tamir_interface/msg/detail/behaviors__struct.h
[4.221s] -- Installing: /home/asaace00/repo/winter/project/TAMIR/install/tamir_interface/include/tamir_interface/tamir_interface/msg/detail/behavior_list__type_support.c
[4.221s] -- Installing: /home/asaace00/repo/winter/project/TAMIR/install/tamir_interface/include/tamir_interface/tamir_interface/msg/detail/behavior_list__struct.h
[4.221s] -- Installing: /home/asaace00/repo/winter/project/TAMIR/install/tamir_interface/include/tamir_interface/tamir_interface/msg/detail/behavior_list__functions.c
[4.221s] -- Installing: /home/asaace00/repo/winter/project/TAMIR/install/tamir_interface/share/tamir_interface/environment/library_path.sh
[4.221s] -- Installing: /home/asaace00/repo/winter/project/TAMIR/install/tamir_interface/share/tamir_interface/environment/library_path.dsv
[4.221s] -- Installing: /home/asaace00/repo/winter/project/TAMIR/install/tamir_interface/lib/libtamir_interface__rosidl_generator_c.so
[4.221s] -- Set non-toolchain portion of runtime path of "/home/asaace00/repo/winter/project/TAMIR/install/tamir_interface/lib/libtamir_interface__rosidl_generator_c.so" to ""
[4.221s] -- Up-to-date: /home/asaace00/repo/winter/project/TAMIR/install/tamir_interface/include/tamir_interface/tamir_interface
[4.221s] -- Up-to-date: /home/asaace00/repo/winter/project/TAMIR/install/tamir_interface/include/tamir_interface/tamir_interface/srv
[4.221s] -- Up-to-date: /home/asaace00/repo/winter/project/TAMIR/install/tamir_interface/include/tamir_interface/tamir_interface/srv/detail
[4.222s] -- Installing: /home/asaace00/repo/winter/project/TAMIR/install/tamir_interface/include/tamir_interface/tamir_interface/srv/detail/waypoints__rosidl_typesupport_fastrtps_c.h
[4.222s] -- Up-to-date: /home/asaace00/repo/winter/project/TAMIR/install/tamir_interface/include/tamir_interface/tamir_interface/msg
[4.222s] -- Installing: /home/asaace00/repo/winter/project/TAMIR/install/tamir_interface/include/tamir_interface/tamir_interface/msg/rosidl_typesupport_fastrtps_c__visibility_control.h
[4.222s] -- Up-to-date: /home/asaace00/repo/winter/project/TAMIR/install/tamir_interface/include/tamir_interface/tamir_interface/msg/detail
[4.222s] -- Installing: /home/asaace00/repo/winter/project/TAMIR/install/tamir_interface/include/tamir_interface/tamir_interface/msg/detail/behaviors__rosidl_typesupport_fastrtps_c.h
[4.222s] -- Installing: /home/asaace00/repo/winter/project/TAMIR/install/tamir_interface/include/tamir_interface/tamir_interface/msg/detail/behavior_list__rosidl_typesupport_fastrtps_c.h
[4.222s] -- Installing: /home/asaace00/repo/winter/project/TAMIR/install/tamir_interface/lib/libtamir_interface__rosidl_typesupport_fastrtps_c.so
[4.222s] -- Set non-toolchain portion of runtime path of "/home/asaace00/repo/winter/project/TAMIR/install/tamir_interface/lib/libtamir_interface__rosidl_typesupport_fastrtps_c.so" to ""
[4.222s] -- Up-to-date: /home/asaace00/repo/winter/project/TAMIR/install/tamir_interface/include/tamir_interface/tamir_interface
[4.222s] -- Up-to-date: /home/asaace00/repo/winter/project/TAMIR/install/tamir_interface/include/tamir_interface/tamir_interface/srv
[4.222s] -- Up-to-date: /home/asaace00/repo/winter/project/TAMIR/install/tamir_interface/include/tamir_interface/tamir_interface/srv/detail
[4.222s] -- Installing: /home/asaace00/repo/winter/project/TAMIR/install/tamir_interface/include/tamir_interface/tamir_interface/srv/detail/waypoints__type_support.c
[4.222s] -- Installing: /home/asaace00/repo/winter/project/TAMIR/install/tamir_interface/include/tamir_interface/tamir_interface/srv/detail/waypoints__rosidl_typesupport_introspection_c.h
[4.222s] -- Up-to-date: /home/asaace00/repo/winter/project/TAMIR/install/tamir_interface/include/tamir_interface/tamir_interface/msg
[4.222s] -- Installing: /home/asaace00/repo/winter/project/TAMIR/install/tamir_interface/include/tamir_interface/tamir_interface/msg/rosidl_typesupport_introspection_c__visibility_control.h
[4.222s] -- Up-to-date: /home/asaace00/repo/winter/project/TAMIR/install/tamir_interface/include/tamir_interface/tamir_interface/msg/detail
[4.222s] -- Installing: /home/asaace00/repo/winter/project/TAMIR/install/tamir_interface/include/tamir_interface/tamir_interface/msg/detail/behaviors__rosidl_typesupport_introspection_c.h
[4.222s] -- Installing: /home/asaace00/repo/winter/project/TAMIR/install/tamir_interface/include/tamir_interface/tamir_interface/msg/detail/behavior_list__rosidl_typesupport_introspection_c.h
[4.222s] -- Installing: /home/asaace00/repo/winter/project/TAMIR/install/tamir_interface/include/tamir_interface/tamir_interface/msg/detail/behaviors__type_support.c
[4.222s] -- Installing: /home/asaace00/repo/winter/project/TAMIR/install/tamir_interface/include/tamir_interface/tamir_interface/msg/detail/behavior_list__type_support.c
[4.222s] -- Installing: /home/asaace00/repo/winter/project/TAMIR/install/tamir_interface/lib/libtamir_interface__rosidl_typesupport_introspection_c.so
[4.222s] -- Set non-toolchain portion of runtime path of "/home/asaace00/repo/winter/project/TAMIR/install/tamir_interface/lib/libtamir_interface__rosidl_typesupport_introspection_c.so" to ""
[4.222s] -- Installing: /home/asaace00/repo/winter/project/TAMIR/install/tamir_interface/lib/libtamir_interface__rosidl_typesupport_c.so
[4.222s] -- Set non-toolchain portion of runtime path of "/home/asaace00/repo/winter/project/TAMIR/install/tamir_interface/lib/libtamir_interface__rosidl_typesupport_c.so" to ""
[4.222s] -- Up-to-date: /home/asaace00/repo/winter/project/TAMIR/install/tamir_interface/include/tamir_interface/tamir_interface
[4.222s] -- Up-to-date: /home/asaace00/repo/winter/project/TAMIR/install/tamir_interface/include/tamir_interface/tamir_interface/srv
[4.222s] -- Installing: /home/asaace00/repo/winter/project/TAMIR/install/tamir_interface/include/tamir_interface/tamir_interface/srv/waypoints.hpp
[4.222s] -- Up-to-date: /home/asaace00/repo/winter/project/TAMIR/install/tamir_interface/include/tamir_interface/tamir_interface/srv/detail
[4.222s] -- Installing: /home/asaace00/repo/winter/project/TAMIR/install/tamir_interface/include/tamir_interface/tamir_interface/srv/detail/waypoints__builder.hpp
[4.222s] -- Installing: /home/asaace00/repo/winter/project/TAMIR/install/tamir_interface/include/tamir_interface/tamir_interface/srv/detail/waypoints__struct.hpp
[4.223s] -- Installing: /home/asaace00/repo/winter/project/TAMIR/install/tamir_interface/include/tamir_interface/tamir_interface/srv/detail/waypoints__traits.hpp
[4.223s] -- Installing: /home/asaace00/repo/winter/project/TAMIR/install/tamir_interface/include/tamir_interface/tamir_interface/srv/detail/waypoints__type_support.hpp
[4.223s] -- Up-to-date: /home/asaace00/repo/winter/project/TAMIR/install/tamir_interface/include/tamir_interface/tamir_interface/msg
[4.223s] -- Installing: /home/asaace00/repo/winter/project/TAMIR/install/tamir_interface/include/tamir_interface/tamir_interface/msg/behavior_list.hpp
[4.223s] -- Installing: /home/asaace00/repo/winter/project/TAMIR/install/tamir_interface/include/tamir_interface/tamir_interface/msg/rosidl_generator_cpp__visibility_control.hpp
[4.223s] -- Installing: /home/asaace00/repo/winter/project/TAMIR/install/tamir_interface/include/tamir_interface/tamir_interface/msg/behaviors.hpp
[4.223s] -- Up-to-date: /home/asaace00/repo/winter/project/TAMIR/install/tamir_interface/include/tamir_interface/tamir_interface/msg/detail
[4.223s] -- Installing: /home/asaace00/repo/winter/project/TAMIR/install/tamir_interface/include/tamir_interface/tamir_interface/msg/detail/behavior_list__type_support.hpp
[4.223s] -- Installing: /home/asaace00/repo/winter/project/TAMIR/install/tamir_interface/include/tamir_interface/tamir_interface/msg/detail/behaviors__struct.hpp
[4.223s] -- Installing: /home/asaace00/repo/winter/project/TAMIR/install/tamir_interface/include/tamir_interface/tamir_interface/msg/detail/behaviors__traits.hpp
[4.223s] -- Installing: /home/asaace00/repo/winter/project/TAMIR/install/tamir_interface/include/tamir_interface/tamir_interface/msg/detail/behavior_list__traits.hpp
[4.223s] -- Installing: /home/asaace00/repo/winter/project/TAMIR/install/tamir_interface/include/tamir_interface/tamir_interface/msg/detail/behavior_list__struct.hpp
[4.223s] -- Installing: /home/asaace00/repo/winter/project/TAMIR/install/tamir_interface/include/tamir_interface/tamir_interface/msg/detail/behaviors__type_support.hpp
[4.223s] -- Installing: /home/asaace00/repo/winter/project/TAMIR/install/tamir_interface/include/tamir_interface/tamir_interface/msg/detail/behaviors__builder.hpp
[4.223s] -- Installing: /home/asaace00/repo/winter/project/TAMIR/install/tamir_interface/include/tamir_interface/tamir_interface/msg/detail/behavior_list__builder.hpp
[4.223s] -- Up-to-date: /home/asaace00/repo/winter/project/TAMIR/install/tamir_interface/include/tamir_interface/tamir_interface
[4.223s] -- Up-to-date: /home/asaace00/repo/winter/project/TAMIR/install/tamir_interface/include/tamir_interface/tamir_interface/srv
[4.223s] -- Up-to-date: /home/asaace00/repo/winter/project/TAMIR/install/tamir_interface/include/tamir_interface/tamir_interface/srv/detail
[4.223s] -- Installing: /home/asaace00/repo/winter/project/TAMIR/install/tamir_interface/include/tamir_interface/tamir_interface/srv/detail/dds_fastrtps
[4.223s] -- Installing: /home/asaace00/repo/winter/project/TAMIR/install/tamir_interface/include/tamir_interface/tamir_interface/srv/detail/waypoints__rosidl_typesupport_fastrtps_cpp.hpp
[4.223s] -- Up-to-date: /home/asaace00/repo/winter/project/TAMIR/install/tamir_interface/include/tamir_interface/tamir_interface/msg
[4.223s] -- Installing: /home/asaace00/repo/winter/project/TAMIR/install/tamir_interface/include/tamir_interface/tamir_interface/msg/rosidl_typesupport_fastrtps_cpp__visibility_control.h
[4.223s] -- Up-to-date: /home/asaace00/repo/winter/project/TAMIR/install/tamir_interface/include/tamir_interface/tamir_interface/msg/detail
[4.223s] -- Installing: /home/asaace00/repo/winter/project/TAMIR/install/tamir_interface/include/tamir_interface/tamir_interface/msg/detail/behaviors__rosidl_typesupport_fastrtps_cpp.hpp
[4.223s] -- Installing: /home/asaace00/repo/winter/project/TAMIR/install/tamir_interface/include/tamir_interface/tamir_interface/msg/detail/behavior_list__rosidl_typesupport_fastrtps_cpp.hpp
[4.223s] -- Installing: /home/asaace00/repo/winter/project/TAMIR/install/tamir_interface/include/tamir_interface/tamir_interface/msg/detail/dds_fastrtps
[4.223s] -- Installing: /home/asaace00/repo/winter/project/TAMIR/install/tamir_interface/lib/libtamir_interface__rosidl_typesupport_fastrtps_cpp.so
[4.223s] -- Set non-toolchain portion of runtime path of "/home/asaace00/repo/winter/project/TAMIR/install/tamir_interface/lib/libtamir_interface__rosidl_typesupport_fastrtps_cpp.so" to ""
[4.223s] -- Up-to-date: /home/asaace00/repo/winter/project/TAMIR/install/tamir_interface/include/tamir_interface/tamir_interface
[4.223s] -- Up-to-date: /home/asaace00/repo/winter/project/TAMIR/install/tamir_interface/include/tamir_interface/tamir_interface/srv
[4.223s] -- Up-to-date: /home/asaace00/repo/winter/project/TAMIR/install/tamir_interface/include/tamir_interface/tamir_interface/srv/detail
[4.224s] -- Installing: /home/asaace00/repo/winter/project/TAMIR/install/tamir_interface/include/tamir_interface/tamir_interface/srv/detail/waypoints__type_support.cpp
[4.224s] -- Installing: /home/asaace00/repo/winter/project/TAMIR/install/tamir_interface/include/tamir_interface/tamir_interface/srv/detail/waypoints__rosidl_typesupport_introspection_cpp.hpp
[4.224s] -- Up-to-date: /home/asaace00/repo/winter/project/TAMIR/install/tamir_interface/include/tamir_interface/tamir_interface/msg
[4.224s] -- Up-to-date: /home/asaace00/repo/winter/project/TAMIR/install/tamir_interface/include/tamir_interface/tamir_interface/msg/detail
[4.224s] -- Installing: /home/asaace00/repo/winter/project/TAMIR/install/tamir_interface/include/tamir_interface/tamir_interface/msg/detail/behaviors__type_support.cpp
[4.224s] -- Installing: /home/asaace00/repo/winter/project/TAMIR/install/tamir_interface/include/tamir_interface/tamir_interface/msg/detail/behavior_list__type_support.cpp
[4.224s] -- Installing: /home/asaace00/repo/winter/project/TAMIR/install/tamir_interface/include/tamir_interface/tamir_interface/msg/detail/behavior_list__rosidl_typesupport_introspection_cpp.hpp
[4.224s] -- Installing: /home/asaace00/repo/winter/project/TAMIR/install/tamir_interface/include/tamir_interface/tamir_interface/msg/detail/behaviors__rosidl_typesupport_introspection_cpp.hpp
[4.224s] -- Installing: /home/asaace00/repo/winter/project/TAMIR/install/tamir_interface/lib/libtamir_interface__rosidl_typesupport_introspection_cpp.so
[4.224s] -- Set non-toolchain portion of runtime path of "/home/asaace00/repo/winter/project/TAMIR/install/tamir_interface/lib/libtamir_interface__rosidl_typesupport_introspection_cpp.so" to ""
[4.224s] -- Installing: /home/asaace00/repo/winter/project/TAMIR/install/tamir_interface/lib/libtamir_interface__rosidl_typesupport_cpp.so
[4.224s] -- Set non-toolchain portion of runtime path of "/home/asaace00/repo/winter/project/TAMIR/install/tamir_interface/lib/libtamir_interface__rosidl_typesupport_cpp.so" to ""
[4.224s] -- Installing: /home/asaace00/repo/winter/project/TAMIR/install/tamir_interface/share/tamir_interface/environment/pythonpath.sh
[4.224s] -- Installing: /home/asaace00/repo/winter/project/TAMIR/install/tamir_interface/share/tamir_interface/environment/pythonpath.dsv
[4.224s] -- Installing: /home/asaace00/repo/winter/project/TAMIR/install/tamir_interface/lib/python3.12/site-packages/tamir_interface-0.0.0-py3.12.egg-info
[4.224s] -- Installing: /home/asaace00/repo/winter/project/TAMIR/install/tamir_interface/lib/python3.12/site-packages/tamir_interface-0.0.0-py3.12.egg-info/dependency_links.txt
[4.224s] -- Installing: /home/asaace00/repo/winter/project/TAMIR/install/tamir_interface/lib/python3.12/site-packages/tamir_interface-0.0.0-py3.12.egg-info/top_level.txt
[4.224s] -- Installing: /home/asaace00/repo/winter/project/TAMIR/install/tamir_interface/lib/python3.12/site-packages/tamir_interface-0.0.0-py3.12.egg-info/SOURCES.txt
[4.224s] -- Installing: /home/asaace00/repo/winter/project/TAMIR/install/tamir_interface/lib/python3.12/site-packages/tamir_interface-0.0.0-py3.12.egg-info/PKG-INFO
[4.224s] -- Installing: /home/asaace00/repo/winter/project/TAMIR/install/tamir_interface/lib/python3.12/site-packages/tamir_interface
[4.224s] -- Installing: /home/asaace00/repo/winter/project/TAMIR/install/tamir_interface/lib/python3.12/site-packages/tamir_interface/srv
[4.224s] -- Installing: /home/asaace00/repo/winter/project/TAMIR/install/tamir_interface/lib/python3.12/site-packages/tamir_interface/srv/_waypoints_s.c
[4.224s] -- Installing: /home/asaace00/repo/winter/project/TAMIR/install/tamir_interface/lib/python3.12/site-packages/tamir_interface/srv/__init__.py
[4.224s] -- Installing: /home/asaace00/repo/winter/project/TAMIR/install/tamir_interface/lib/python3.12/site-packages/tamir_interface/srv/_waypoints.py
[4.224s] -- Installing: /home/asaace00/repo/winter/project/TAMIR/install/tamir_interface/lib/python3.12/site-packages/tamir_interface/_tamir_interface_s.ep.rosidl_typesupport_introspection_c.c
[4.224s] -- Installing: /home/asaace00/repo/winter/project/TAMIR/install/tamir_interface/lib/python3.12/site-packages/tamir_interface/msg
[4.224s] -- Installing: /home/asaace00/repo/winter/project/TAMIR/install/tamir_interface/lib/python3.12/site-packages/tamir_interface/msg/_behaviors.py
[4.224s] -- Installing: /home/asaace00/repo/winter/project/TAMIR/install/tamir_interface/lib/python3.12/site-packages/tamir_interface/msg/_behavior_list.py
[4.224s] -- Installing: /home/asaace00/repo/winter/project/TAMIR/install/tamir_interface/lib/python3.12/site-packages/tamir_interface/msg/_behavior_list_s.c
[4.224s] -- Installing: /home/asaace00/repo/winter/project/TAMIR/install/tamir_interface/lib/python3.12/site-packages/tamir_interface/msg/__init__.py
[4.225s] -- Installing: /home/asaace00/repo/winter/project/TAMIR/install/tamir_interface/lib/python3.12/site-packages/tamir_interface/msg/_behaviors_s.c
[4.225s] -- Installing: /home/asaace00/repo/winter/project/TAMIR/install/tamir_interface/lib/python3.12/site-packages/tamir_interface/_tamir_interface_s.ep.rosidl_typesupport_c.c
[4.225s] -- Installing: /home/asaace00/repo/winter/project/TAMIR/install/tamir_interface/lib/python3.12/site-packages/tamir_interface/tamir_interface_s__rosidl_typesupport_fastrtps_c.so
[4.225s] -- Installing: /home/asaace00/repo/winter/project/TAMIR/install/tamir_interface/lib/python3.12/site-packages/tamir_interface/_tamir_interface_s.ep.rosidl_typesupport_fastrtps_c.c
[4.225s] -- Installing: /home/asaace00/repo/winter/project/TAMIR/install/tamir_interface/lib/python3.12/site-packages/tamir_interface/tamir_interface_s__rosidl_typesupport_c.so
[4.225s] -- Installing: /home/asaace00/repo/winter/project/TAMIR/install/tamir_interface/lib/python3.12/site-packages/tamir_interface/__init__.py
[4.225s] -- Installing: /home/asaace00/repo/winter/project/TAMIR/install/tamir_interface/lib/python3.12/site-packages/tamir_interface/tamir_interface_s__rosidl_typesupport_introspection_c.so
[4.251s] Listing '/home/asaace00/repo/winter/project/TAMIR/install/tamir_interface/lib/python3.12/site-packages/tamir_interface'...
[4.251s] Compiling '/home/asaace00/repo/winter/project/TAMIR/install/tamir_interface/lib/python3.12/site-packages/tamir_interface/__init__.py'...
[4.251s] Listing '/home/asaace00/repo/winter/project/TAMIR/install/tamir_interface/lib/python3.12/site-packages/tamir_interface/msg'...
[4.251s] Compiling '/home/asaace00/repo/winter/project/TAMIR/install/tamir_interface/lib/python3.12/site-packages/tamir_interface/msg/__init__.py'...
[4.251s] Compiling '/home/asaace00/repo/winter/project/TAMIR/install/tamir_interface/lib/python3.12/site-packages/tamir_interface/msg/_behavior_list.py'...
[4.251s] Compiling '/home/asaace00/repo/winter/project/TAMIR/install/tamir_interface/lib/python3.12/site-packages/tamir_interface/msg/_behaviors.py'...
[4.251s] Listing '/home/asaace00/repo/winter/project/TAMIR/install/tamir_interface/lib/python3.12/site-packages/tamir_interface/srv'...
[4.251s] Compiling '/home/asaace00/repo/winter/project/TAMIR/install/tamir_interface/lib/python3.12/site-packages/tamir_interface/srv/__init__.py'...
[4.251s] Compiling '/home/asaace00/repo/winter/project/TAMIR/install/tamir_interface/lib/python3.12/site-packages/tamir_interface/srv/_waypoints.py'...
[4.253s] -- Installing: /home/asaace00/repo/winter/project/TAMIR/install/tamir_interface/lib/python3.12/site-packages/tamir_interface/tamir_interface_s__rosidl_typesupport_fastrtps_c.so
[4.253s] -- Set non-toolchain portion of runtime path of "/home/asaace00/repo/winter/project/TAMIR/install/tamir_interface/lib/python3.12/site-packages/tamir_interface/tamir_interface_s__rosidl_typesupport_fastrtps_c.so" to ""
[4.253s] -- Installing: /home/asaace00/repo/winter/project/TAMIR/install/tamir_interface/lib/python3.12/site-packages/tamir_interface/tamir_interface_s__rosidl_typesupport_introspection_c.so
[4.253s] -- Set non-toolchain portion of runtime path of "/home/asaace00/repo/winter/project/TAMIR/install/tamir_interface/lib/python3.12/site-packages/tamir_interface/tamir_interface_s__rosidl_typesupport_introspection_c.so" to ""
[4.254s] -- Installing: /home/asaace00/repo/winter/project/TAMIR/install/tamir_interface/lib/python3.12/site-packages/tamir_interface/tamir_interface_s__rosidl_typesupport_c.so
[4.254s] -- Set non-toolchain portion of runtime path of "/home/asaace00/repo/winter/project/TAMIR/install/tamir_interface/lib/python3.12/site-packages/tamir_interface/tamir_interface_s__rosidl_typesupport_c.so" to ""
[4.254s] -- Installing: /home/asaace00/repo/winter/project/TAMIR/install/tamir_interface/lib/libtamir_interface__rosidl_generator_py.so
[4.254s] -- Set non-toolchain portion of runtime path of "/home/asaace00/repo/winter/project/TAMIR/install/tamir_interface/lib/libtamir_interface__rosidl_generator_py.so" to ""
[4.254s] -- Installing: /home/asaace00/repo/winter/project/TAMIR/install/tamir_interface/share/tamir_interface/srv/Waypoints.idl
[4.254s] -- Installing: /home/asaace00/repo/winter/project/TAMIR/install/tamir_interface/share/tamir_interface/msg/Behaviors.idl
[4.254s] -- Installing: /home/asaace00/repo/winter/project/TAMIR/install/tamir_interface/share/tamir_interface/msg/BehaviorList.idl
[4.254s] -- Installing: /home/asaace00/repo/winter/project/TAMIR/install/tamir_interface/share/tamir_interface/srv/Waypoints.srv
[4.254s] -- Installing: /home/asaace00/repo/winter/project/TAMIR/install/tamir_interface/share/tamir_interface/msg/Behaviors.msg
[4.254s] -- Installing: /home/asaace00/repo/winter/project/TAMIR/install/tamir_interface/share/tamir_interface/msg/BehaviorList.msg
[4.254s] -- Up-to-date: /home/asaace00/repo/winter/project/TAMIR/install/tamir_interface/share/tamir_interface/msg
[4.254s] -- Up-to-date: /home/asaace00/repo/winter/project/TAMIR/install/tamir_interface/share/tamir_interface/msg/BehaviorList.msg
[4.254s] -- Up-to-date: /home/asaace00/repo/winter/project/TAMIR/install/tamir_interface/share/tamir_interface/msg/Behaviors.msg
[4.254s] -- Up-to-date: /home/asaace00/repo/winter/project/TAMIR/install/tamir_interface/share/tamir_interface/srv
[4.254s] -- Up-to-date: /home/asaace00/repo/winter/project/TAMIR/install/tamir_interface/share/tamir_interface/srv/Waypoints.srv
[4.254s] -- Installing: /home/asaace00/repo/winter/project/TAMIR/install/tamir_interface/share/ament_index/resource_index/package_run_dependencies/tamir_interface
[4.255s] -- Installing: /home/asaace00/repo/winter/project/TAMIR/install/tamir_interface/share/ament_index/resource_index/parent_prefix_path/tamir_interface
[4.255s] -- Installing: /home/asaace00/repo/winter/project/TAMIR/install/tamir_interface/share/tamir_interface/environment/ament_prefix_path.sh
[4.255s] -- Installing: /home/asaace00/repo/winter/project/TAMIR/install/tamir_interface/share/tamir_interface/environment/ament_prefix_path.dsv
[4.255s] -- Installing: /home/asaace00/repo/winter/project/TAMIR/install/tamir_interface/share/tamir_interface/environment/path.sh
[4.255s] -- Installing: /home/asaace00/repo/winter/project/TAMIR/install/tamir_interface/share/tamir_interface/environment/path.dsv
[4.255s] -- Installing: /home/asaace00/repo/winter/project/TAMIR/install/tamir_interface/share/tamir_interface/local_setup.bash
[4.255s] -- Installing: /home/asaace00/repo/winter/project/TAMIR/install/tamir_interface/share/tamir_interface/local_setup.sh
[4.255s] -- Installing: /home/asaace00/repo/winter/project/TAMIR/install/tamir_interface/share/tamir_interface/local_setup.zsh
[4.255s] -- Installing: /home/asaace00/repo/winter/project/TAMIR/install/tamir_interface/share/tamir_interface/local_setup.dsv
[4.255s] -- Installing: /home/asaace00/repo/winter/project/TAMIR/install/tamir_interface/share/tamir_interface/package.dsv
[4.255s] -- Installing: /home/asaace00/repo/winter/project/TAMIR/install/tamir_interface/share/ament_index/resource_index/packages/tamir_interface
[4.255s] -- Installing: /home/asaace00/repo/winter/project/TAMIR/install/tamir_interface/share/tamir_interface/cmake/export_tamir_interface__rosidl_generator_cExport.cmake
[4.255s] -- Installing: /home/asaace00/repo/winter/project/TAMIR/install/tamir_interface/share/tamir_interface/cmake/export_tamir_interface__rosidl_generator_cExport-noconfig.cmake
[4.255s] -- Installing: /home/asaace00/repo/winter/project/TAMIR/install/tamir_interface/share/tamir_interface/cmake/export_tamir_interface__rosidl_typesupport_fastrtps_cExport.cmake
[4.255s] -- Installing: /home/asaace00/repo/winter/project/TAMIR/install/tamir_interface/share/tamir_interface/cmake/export_tamir_interface__rosidl_typesupport_fastrtps_cExport-noconfig.cmake
[4.255s] -- Installing: /home/asaace00/repo/winter/project/TAMIR/install/tamir_interface/share/tamir_interface/cmake/tamir_interface__rosidl_typesupport_introspection_cExport.cmake
[4.255s] -- Installing: /home/asaace00/repo/winter/project/TAMIR/install/tamir_interface/share/tamir_interface/cmake/tamir_interface__rosidl_typesupport_introspection_cExport-noconfig.cmake
[4.255s] -- Installing: /home/asaace00/repo/winter/project/TAMIR/install/tamir_interface/share/tamir_interface/cmake/tamir_interface__rosidl_typesupport_cExport.cmake
[4.255s] -- Installing: /home/asaace00/repo/winter/project/TAMIR/install/tamir_interface/share/tamir_interface/cmake/tamir_interface__rosidl_typesupport_cExport-noconfig.cmake
[4.255s] -- Installing: /home/asaace00/repo/winter/project/TAMIR/install/tamir_interface/share/tamir_interface/cmake/export_tamir_interface__rosidl_generator_cppExport.cmake
[4.255s] -- Installing: /home/asaace00/repo/winter/project/TAMIR/install/tamir_interface/share/tamir_interface/cmake/export_tamir_interface__rosidl_typesupport_fastrtps_cppExport.cmake
[4.255s] -- Installing: /home/asaace00/repo/winter/project/TAMIR/install/tamir_interface/share/tamir_interface/cmake/export_tamir_interface__rosidl_typesupport_fastrtps_cppExport-noconfig.cmake
[4.255s] -- Installing: /home/asaace00/repo/winter/project/TAMIR/install/tamir_interface/share/tamir_interface/cmake/tamir_interface__rosidl_typesupport_introspection_cppExport.cmake
[4.255s] -- Installing: /home/asaace00/repo/winter/project/TAMIR/install/tamir_interface/share/tamir_interface/cmake/tamir_interface__rosidl_typesupport_introspection_cppExport-noconfig.cmake
[4.255s] -- Installing: /home/asaace00/repo/winter/project/TAMIR/install/tamir_interface/share/tamir_interface/cmake/tamir_interface__rosidl_typesupport_cppExport.cmake
[4.255s] -- Installing: /home/asaace00/repo/winter/project/TAMIR/install/tamir_interface/share/tamir_interface/cmake/tamir_interface__rosidl_typesupport_cppExport-noconfig.cmake
[4.255s] -- Installing: /home/asaace00/repo/winter/project/TAMIR/install/tamir_interface/share/tamir_interface/cmake/export_tamir_interface__rosidl_generator_pyExport.cmake
[4.255s] -- Installing: /home/asaace00/repo/winter/project/TAMIR/install/tamir_interface/share/tamir_interface/cmake/export_tamir_interface__rosidl_generator_pyExport-noconfig.cmake
[4.255s] -- Installing: /home/asaace00/repo/winter/project/TAMIR/install/tamir_interface/share/tamir_interface/cmake/rosidl_cmake-extras.cmake
[4.255s] -- Installing: /home/asaace00/repo/winter/project/TAMIR/install/tamir_interface/share/tamir_interface/cmake/ament_cmake_export_dependencies-extras.cmake
[4.256s] -- Installing: /home/asaace00/repo/winter/project/TAMIR/install/tamir_interface/share/tamir_interface/cmake/ament_cmake_export_include_directories-extras.cmake
[4.256s] -- Installing: /home/asaace00/repo/winter/project/TAMIR/install/tamir_interface/share/tamir_interface/cmake/ament_cmake_export_libraries-extras.cmake
[4.256s] -- Installing: /home/asaace00/repo/winter/project/TAMIR/install/tamir_interface/share/tamir_interface/cmake/ament_cmake_export_targets-extras.cmake
[4.256s] -- Installing: /home/asaace00/repo/winter/project/TAMIR/install/tamir_interface/share/tamir_interface/cmake/rosidl_cmake_export_typesupport_targets-extras.cmake
[4.256s] -- Installing: /home/asaace00/repo/winter/project/TAMIR/install/tamir_interface/share/tamir_interface/cmake/rosidl_cmake_export_typesupport_libraries-extras.cmake
[4.256s] -- Installing: /home/asaace00/repo/winter/project/TAMIR/install/tamir_interface/share/tamir_interface/cmake/tamir_interfaceConfig.cmake
[4.256s] -- Installing: /home/asaace00/repo/winter/project/TAMIR/install/tamir_interface/share/tamir_interface/cmake/tamir_interfaceConfig-version.cmake
[4.256s] -- Installing: /home/asaace00/repo/winter/project/TAMIR/install/tamir_interface/share/tamir_interface/package.xml
[4.257s] Invoked command in '/home/asaace00/repo/winter/project/TAMIR/build/tamir_interface' returned '0': CMAKE_PREFIX_PATH=${CMAKE_PREFIX_PATH}:/home/asaace00/repo/winter/project/TAMIR/install/tamir:/home/asaace00/repo/winter/project/install/tamir:/opt/ros/jazzy VIRTUAL_ENV_PROMPT=(myenv) /usr/bin/cmake --install /home/asaace00/repo/winter/project/TAMIR/build/tamir_interface
